[2021-04-28 18:40:15] local.ERROR: Command "crud:publish" is not defined.

Did you mean one of these?
    crud:generator
    crud:viewgenerator
    module:publish
    module:publish-config
    module:publish-migration
    module:publish-translation
    stub:publish
    telescope:publish
    vendor:publish {"exception":"[object] (Symfony\\Component\\Console\\Exception\\CommandNotFoundException(code: 0): Command \"crud:publish\" is not defined.

Did you mean one of these?
    crud:generator
    crud:viewgenerator
    module:publish
    module:publish-config
    module:publish-migration
    module:publish-translation
    stub:publish
    telescope:publish
    vendor:publish at F:\\laragon\\www\\gestion_de_calidad\\vendor\\symfony\\console\\Application.php:675)
[stacktrace]
#0 F:\\laragon\\www\\gestion_de_calidad\\vendor\\symfony\\console\\Application.php(254): Symfony\\Component\\Console\\Application->find('crud:publish')
#1 F:\\laragon\\www\\gestion_de_calidad\\vendor\\symfony\\console\\Application.php(166): Symfony\\Component\\Console\\Application->doRun(Object(Symfony\\Component\\Console\\Input\\ArgvInput), Object(Symfony\\Component\\Console\\Output\\ConsoleOutput))
#2 F:\\laragon\\www\\gestion_de_calidad\\vendor\\laravel\\framework\\src\\Illuminate\\Console\\Application.php(92): Symfony\\Component\\Console\\Application->run(Object(Symfony\\Component\\Console\\Input\\ArgvInput), Object(Symfony\\Component\\Console\\Output\\ConsoleOutput))
#3 F:\\laragon\\www\\gestion_de_calidad\\vendor\\laravel\\framework\\src\\Illuminate\\Foundation\\Console\\Kernel.php(129): Illuminate\\Console\\Application->run(Object(Symfony\\Component\\Console\\Input\\ArgvInput), Object(Symfony\\Component\\Console\\Output\\ConsoleOutput))
#4 F:\\laragon\\www\\gestion_de_calidad\\artisan(37): Illuminate\\Foundation\\Console\\Kernel->handle(Object(Symfony\\Component\\Console\\Input\\ArgvInput), Object(Symfony\\Component\\Console\\Output\\ConsoleOutput))
#5 {main}
"} 
[2021-04-28 19:19:03] local.ERROR: PDOException: SQLSTATE[42S02]: Base table or view not found: 1146 Table 'gestiondecalidad_db.chapters' doesn't exist in F:\laragon\www\gestion_de_calidad\vendor\laravel\framework\src\Illuminate\Database\Connection.php:338
Stack trace:
#0 F:\laragon\www\gestion_de_calidad\vendor\laravel\framework\src\Illuminate\Database\Connection.php(338): PDO->prepare('select count(*)...')
#1 F:\laragon\www\gestion_de_calidad\vendor\laravel\framework\src\Illuminate\Database\Connection.php(671): Illuminate\Database\Connection->Illuminate\Database\{closure}('select count(*)...', Array)
#2 F:\laragon\www\gestion_de_calidad\vendor\laravel\framework\src\Illuminate\Database\Connection.php(638): Illuminate\Database\Connection->runQueryCallback('select count(*)...', Array, Object(Closure))
#3 F:\laragon\www\gestion_de_calidad\vendor\laravel\framework\src\Illuminate\Database\Connection.php(346): Illuminate\Database\Connection->run('select count(*)...', Array, Object(Closure))
#4 F:\laragon\www\gestion_de_calidad\vendor\laravel\framework\src\Illuminate\Database\Query\Builder.php(2313): Illuminate\Database\Connection->select('select count(*)...', Array, true)
#5 F:\laragon\www\gestion_de_calidad\vendor\laravel\framework\src\Illuminate\Database\Query\Builder.php(2301): Illuminate\Database\Query\Builder->runSelect()
#6 F:\laragon\www\gestion_de_calidad\vendor\laravel\framework\src\Illuminate\Database\Query\Builder.php(2796): Illuminate\Database\Query\Builder->Illuminate\Database\Query\{closure}()
#7 F:\laragon\www\gestion_de_calidad\vendor\laravel\framework\src\Illuminate\Database\Query\Builder.php(2302): Illuminate\Database\Query\Builder->onceWithColumns(Array, Object(Closure))
#8 F:\laragon\www\gestion_de_calidad\vendor\laravel\framework\src\Illuminate\Database\Query\Builder.php(2723): Illuminate\Database\Query\Builder->get(Array)
#9 F:\laragon\www\gestion_de_calidad\vendor\laravel\framework\src\Illuminate\Database\Query\Builder.php(2651): Illuminate\Database\Query\Builder->aggregate('count', Array)
#10 F:\laragon\www\gestion_de_calidad\vendor\yajra\laravel-datatables-oracle\src\QueryDataTable.php(218): Illuminate\Database\Query\Builder->count()
#11 F:\laragon\www\gestion_de_calidad\vendor\yajra\laravel-datatables-oracle\src\QueryDataTable.php(188): Yajra\DataTables\QueryDataTable->count()
#12 F:\laragon\www\gestion_de_calidad\vendor\yajra\laravel-datatables-oracle\src\QueryDataTable.php(138): Yajra\DataTables\QueryDataTable->totalCount()
#13 F:\laragon\www\gestion_de_calidad\vendor\yajra\laravel-datatables-oracle\src\QueryDataTable.php(98): Yajra\DataTables\QueryDataTable->prepareQuery()
#14 F:\laragon\www\gestion_de_calidad\vendor\yajra\laravel-datatables-oracle\src\DataTableAbstract.php(660): Yajra\DataTables\QueryDataTable->make()
#15 F:\laragon\www\gestion_de_calidad\vendor\yajra\laravel-datatables-buttons\src\Services\DataTable.php(208): Yajra\DataTables\DataTableAbstract->toJson()
#16 F:\laragon\www\gestion_de_calidad\vendor\laravel\framework\src\Illuminate\Container\BoundMethod.php(36): Yajra\DataTables\Services\DataTable->ajax()
#17 F:\laragon\www\gestion_de_calidad\vendor\laravel\framework\src\Illuminate\Container\Util.php(40): Illuminate\Container\BoundMethod::Illuminate\Container\{closure}()
#18 F:\laragon\www\gestion_de_calidad\vendor\laravel\framework\src\Illuminate\Container\BoundMethod.php(93): Illuminate\Container\Util::unwrapIfClosure(Object(Closure))
#19 F:\laragon\www\gestion_de_calidad\vendor\laravel\framework\src\Illuminate\Container\BoundMethod.php(37): Illuminate\Container\BoundMethod::callBoundMethod(Object(Illuminate\Foundation\Application), Array, Object(Closure))
#20 F:\laragon\www\gestion_de_calidad\vendor\laravel\framework\src\Illuminate\Container\Container.php(610): Illuminate\Container\BoundMethod::call(Object(Illuminate\Foundation\Application), Array, Array, NULL)
#21 F:\laragon\www\gestion_de_calidad\vendor\yajra\laravel-datatables-buttons\src\Services\DataTable.php(158): Illuminate\Container\Container->call(Array)
#22 F:\laragon\www\gestion_de_calidad\app\Services\ChapterService\ChapterService.php(27): Yajra\DataTables\Services\DataTable->render('chapter.index')
#23 F:\laragon\www\gestion_de_calidad\app\Http\Controllers\ChapterController\ChapterController.php(30): App\Services\ChapterService\ChapterService->index(Object(App\DataTables\ChapterDataTable))
#24 F:\laragon\www\gestion_de_calidad\vendor\laravel\framework\src\Illuminate\Routing\Controller.php(54): App\Http\Controllers\ChapterController\ChapterController->index(Object(App\DataTables\ChapterDataTable))
#25 F:\laragon\www\gestion_de_calidad\vendor\laravel\framework\src\Illuminate\Routing\ControllerDispatcher.php(45): Illuminate\Routing\Controller->callAction('index', Array)
#26 F:\laragon\www\gestion_de_calidad\vendor\laravel\framework\src\Illuminate\Routing\Route.php(254): Illuminate\Routing\ControllerDispatcher->dispatch(Object(Illuminate\Routing\Route), Object(App\Http\Controllers\ChapterController\ChapterController), 'index')
#27 F:\laragon\www\gestion_de_calidad\vendor\laravel\framework\src\Illuminate\Routing\Route.php(197): Illuminate\Routing\Route->runController()
#28 F:\laragon\www\gestion_de_calidad\vendor\laravel\framework\src\Illuminate\Routing\Router.php(693): Illuminate\Routing\Route->run()
#29 F:\laragon\www\gestion_de_calidad\vendor\laravel\framework\src\Illuminate\Pipeline\Pipeline.php(128): Illuminate\Routing\Router->Illuminate\Routing\{closure}(Object(Illuminate\Http\Request))
#30 F:\laragon\www\gestion_de_calidad\app\Http\Middleware\MenuPermissions.php(56): Illuminate\Pipeline\Pipeline->Illuminate\Pipeline\{closure}(Object(Illuminate\Http\Request))
#31 F:\laragon\www\gestion_de_calidad\vendor\laravel\framework\src\Illuminate\Pipeline\Pipeline.php(167): App\Http\Middleware\MenuPermissions->handle(Object(Illuminate\Http\Request), Object(Closure))
#32 F:\laragon\www\gestion_de_calidad\vendor\laravel\framework\src\Illuminate\Routing\Middleware\SubstituteBindings.php(50): Illuminate\Pipeline\Pipeline->Illuminate\Pipeline\{closure}(Object(Illuminate\Http\Request))
#33 F:\laragon\www\gestion_de_calidad\vendor\laravel\framework\src\Illuminate\Pipeline\Pipeline.php(167): Illuminate\Routing\Middleware\SubstituteBindings->handle(Object(Illuminate\Http\Request), Object(Closure))
#34 F:\laragon\www\gestion_de_calidad\vendor\laravel\framework\src\Illuminate\Auth\Middleware\Authenticate.php(44): Illuminate\Pipeline\Pipeline->Illuminate\Pipeline\{closure}(Object(Illuminate\Http\Request))
#35 F:\laragon\www\gestion_de_calidad\vendor\laravel\framework\src\Illuminate\Pipeline\Pipeline.php(167): Illuminate\Auth\Middleware\Authenticate->handle(Object(Illuminate\Http\Request), Object(Closure))
#36 F:\laragon\www\gestion_de_calidad\vendor\laravel\framework\src\Illuminate\Foundation\Http\Middleware\VerifyCsrfToken.php(78): Illuminate\Pipeline\Pipeline->Illuminate\Pipeline\{closure}(Object(Illuminate\Http\Request))
#37 F:\laragon\www\gestion_de_calidad\vendor\laravel\framework\src\Illuminate\Pipeline\Pipeline.php(167): Illuminate\Foundation\Http\Middleware\VerifyCsrfToken->handle(Object(Illuminate\Http\Request), Object(Closure))
#38 F:\laragon\www\gestion_de_calidad\vendor\laravel\framework\src\Illuminate\View\Middleware\ShareErrorsFromSession.php(49): Illuminate\Pipeline\Pipeline->Illuminate\Pipeline\{closure}(Object(Illuminate\Http\Request))
#39 F:\laragon\www\gestion_de_calidad\vendor\laravel\framework\src\Illuminate\Pipeline\Pipeline.php(167): Illuminate\View\Middleware\ShareErrorsFromSession->handle(Object(Illuminate\Http\Request), Object(Closure))
#40 F:\laragon\www\gestion_de_calidad\app\Http\Middleware\LocaleMiddleware.php(26): Illuminate\Pipeline\Pipeline->Illuminate\Pipeline\{closure}(Object(Illuminate\Http\Request))
#41 F:\laragon\www\gestion_de_calidad\vendor\laravel\framework\src\Illuminate\Pipeline\Pipeline.php(167): App\Http\Middleware\LocaleMiddleware->handle(Object(Illuminate\Http\Request), Object(Closure))
#42 F:\laragon\www\gestion_de_calidad\vendor\laravel\framework\src\Illuminate\Session\Middleware\StartSession.php(121): Illuminate\Pipeline\Pipeline->Illuminate\Pipeline\{closure}(Object(Illuminate\Http\Request))
#43 F:\laragon\www\gestion_de_calidad\vendor\laravel\framework\src\Illuminate\Session\Middleware\StartSession.php(63): Illuminate\Session\Middleware\StartSession->handleStatefulRequest(Object(Illuminate\Http\Request), Object(Illuminate\Session\Store), Object(Closure))
#44 F:\laragon\www\gestion_de_calidad\vendor\laravel\framework\src\Illuminate\Pipeline\Pipeline.php(167): Illuminate\Session\Middleware\StartSession->handle(Object(Illuminate\Http\Request), Object(Closure))
#45 F:\laragon\www\gestion_de_calidad\vendor\laravel\framework\src\Illuminate\Cookie\Middleware\AddQueuedCookiesToResponse.php(37): Illuminate\Pipeline\Pipeline->Illuminate\Pipeline\{closure}(Object(Illuminate\Http\Request))
#46 F:\laragon\www\gestion_de_calidad\vendor\laravel\framework\src\Illuminate\Pipeline\Pipeline.php(167): Illuminate\Cookie\Middleware\AddQueuedCookiesToResponse->handle(Object(Illuminate\Http\Request), Object(Closure))
#47 F:\laragon\www\gestion_de_calidad\vendor\laravel\framework\src\Illuminate\Cookie\Middleware\EncryptCookies.php(67): Illuminate\Pipeline\Pipeline->Illuminate\Pipeline\{closure}(Object(Illuminate\Http\Request))
#48 F:\laragon\www\gestion_de_calidad\vendor\laravel\framework\src\Illuminate\Pipeline\Pipeline.php(167): Illuminate\Cookie\Middleware\EncryptCookies->handle(Object(Illuminate\Http\Request), Object(Closure))
#49 F:\laragon\www\gestion_de_calidad\vendor\fruitcake\laravel-cors\src\HandleCors.php(37): Illuminate\Pipeline\Pipeline->Illuminate\Pipeline\{closure}(Object(Illuminate\Http\Request))
#50 F:\laragon\www\gestion_de_calidad\vendor\laravel\framework\src\Illuminate\Pipeline\Pipeline.php(167): Fruitcake\Cors\HandleCors->handle(Object(Illuminate\Http\Request), Object(Closure))
#51 F:\laragon\www\gestion_de_calidad\vendor\laravel\framework\src\Illuminate\Pipeline\Pipeline.php(103): Illuminate\Pipeline\Pipeline->Illuminate\Pipeline\{closure}(Object(Illuminate\Http\Request))
#52 F:\laragon\www\gestion_de_calidad\vendor\laravel\framework\src\Illuminate\Routing\Router.php(695): Illuminate\Pipeline\Pipeline->then(Object(Closure))
#53 F:\laragon\www\gestion_de_calidad\vendor\laravel\framework\src\Illuminate\Routing\Router.php(670): Illuminate\Routing\Router->runRouteWithinStack(Object(Illuminate\Routing\Route), Object(Illuminate\Http\Request))
#54 F:\laragon\www\gestion_de_calidad\vendor\laravel\framework\src\Illuminate\Routing\Router.php(636): Illuminate\Routing\Router->runRoute(Object(Illuminate\Http\Request), Object(Illuminate\Routing\Route))
#55 F:\laragon\www\gestion_de_calidad\vendor\laravel\framework\src\Illuminate\Routing\Router.php(625): Illuminate\Routing\Router->dispatchToRoute(Object(Illuminate\Http\Request))
#56 F:\laragon\www\gestion_de_calidad\vendor\laravel\framework\src\Illuminate\Foundation\Http\Kernel.php(166): Illuminate\Routing\Router->dispatch(Object(Illuminate\Http\Request))
#57 F:\laragon\www\gestion_de_calidad\vendor\laravel\framework\src\Illuminate\Pipeline\Pipeline.php(128): Illuminate\Foundation\Http\Kernel->Illuminate\Foundation\Http\{closure}(Object(Illuminate\Http\Request))
#58 F:\laragon\www\gestion_de_calidad\vendor\fideloper\proxy\src\TrustProxies.php(57): Illuminate\Pipeline\Pipeline->Illuminate\Pipeline\{closure}(Object(Illuminate\Http\Request))
#59 F:\laragon\www\gestion_de_calidad\vendor\laravel\framework\src\Illuminate\Pipeline\Pipeline.php(167): Fideloper\Proxy\TrustProxies->handle(Object(Illuminate\Http\Request), Object(Closure))
#60 F:\laragon\www\gestion_de_calidad\vendor\laravel\framework\src\Illuminate\Foundation\Http\Middleware\TransformsRequest.php(21): Illuminate\Pipeline\Pipeline->Illuminate\Pipeline\{closure}(Object(Illuminate\Http\Request))
#61 F:\laragon\www\gestion_de_calidad\vendor\laravel\framework\src\Illuminate\Pipeline\Pipeline.php(167): Illuminate\Foundation\Http\Middleware\TransformsRequest->handle(Object(Illuminate\Http\Request), Object(Closure))
#62 F:\laragon\www\gestion_de_calidad\vendor\laravel\framework\src\Illuminate\Foundation\Http\Middleware\TransformsRequest.php(21): Illuminate\Pipeline\Pipeline->Illuminate\Pipeline\{closure}(Object(Illuminate\Http\Request))
#63 F:\laragon\www\gestion_de_calidad\vendor\laravel\framework\src\Illuminate\Pipeline\Pipeline.php(167): Illuminate\Foundation\Http\Middleware\TransformsRequest->handle(Object(Illuminate\Http\Request), Object(Closure))
#64 F:\laragon\www\gestion_de_calidad\vendor\laravel\framework\src\Illuminate\Foundation\Http\Middleware\ValidatePostSize.php(27): Illuminate\Pipeline\Pipeline->Illuminate\Pipeline\{closure}(Object(Illuminate\Http\Request))
#65 F:\laragon\www\gestion_de_calidad\vendor\laravel\framework\src\Illuminate\Pipeline\Pipeline.php(167): Illuminate\Foundation\Http\Middleware\ValidatePostSize->handle(Object(Illuminate\Http\Request), Object(Closure))
#66 F:\laragon\www\gestion_de_calidad\vendor\laravel\framework\src\Illuminate\Foundation\Http\Middleware\PreventRequestsDuringMaintenance.php(86): Illuminate\Pipeline\Pipeline->Illuminate\Pipeline\{closure}(Object(Illuminate\Http\Request))
#67 F:\laragon\www\gestion_de_calidad\vendor\laravel\framework\src\Illuminate\Pipeline\Pipeline.php(167): Illuminate\Foundation\Http\Middleware\PreventRequestsDuringMaintenance->handle(Object(Illuminate\Http\Request), Object(Closure))
#68 F:\laragon\www\gestion_de_calidad\vendor\laravel\framework\src\Illuminate\Pipeline\Pipeline.php(103): Illuminate\Pipeline\Pipeline->Illuminate\Pipeline\{closure}(Object(Illuminate\Http\Request))
#69 F:\laragon\www\gestion_de_calidad\vendor\laravel\framework\src\Illuminate\Foundation\Http\Kernel.php(141): Illuminate\Pipeline\Pipeline->then(Object(Closure))
#70 F:\laragon\www\gestion_de_calidad\vendor\laravel\framework\src\Illuminate\Foundation\Http\Kernel.php(110): Illuminate\Foundation\Http\Kernel->sendRequestThroughRouter(Object(Illuminate\Http\Request))
#71 F:\laragon\www\gestion_de_calidad\public\index.php(59): Illuminate\Foundation\Http\Kernel->handle(Object(Illuminate\Http\Request))
#72 {main}

Next Illuminate\Database\QueryException: SQLSTATE[42S02]: Base table or view not found: 1146 Table 'gestiondecalidad_db.chapters' doesn't exist (SQL: select count(*) as aggregate from (select '1' as `row_count` from `chapters`) count_row_table) in F:\laragon\www\gestion_de_calidad\vendor\laravel\framework\src\Illuminate\Database\Connection.php:678
Stack trace:
#0 F:\laragon\www\gestion_de_calidad\vendor\laravel\framework\src\Illuminate\Database\Connection.php(638): Illuminate\Database\Connection->runQueryCallback('select count(*)...', Array, Object(Closure))
#1 F:\laragon\www\gestion_de_calidad\vendor\laravel\framework\src\Illuminate\Database\Connection.php(346): Illuminate\Database\Connection->run('select count(*)...', Array, Object(Closure))
#2 F:\laragon\www\gestion_de_calidad\vendor\laravel\framework\src\Illuminate\Database\Query\Builder.php(2313): Illuminate\Database\Connection->select('select count(*)...', Array, true)
#3 F:\laragon\www\gestion_de_calidad\vendor\laravel\framework\src\Illuminate\Database\Query\Builder.php(2301): Illuminate\Database\Query\Builder->runSelect()
#4 F:\laragon\www\gestion_de_calidad\vendor\laravel\framework\src\Illuminate\Database\Query\Builder.php(2796): Illuminate\Database\Query\Builder->Illuminate\Database\Query\{closure}()
#5 F:\laragon\www\gestion_de_calidad\vendor\laravel\framework\src\Illuminate\Database\Query\Builder.php(2302): Illuminate\Database\Query\Builder->onceWithColumns(Array, Object(Closure))
#6 F:\laragon\www\gestion_de_calidad\vendor\laravel\framework\src\Illuminate\Database\Query\Builder.php(2723): Illuminate\Database\Query\Builder->get(Array)
#7 F:\laragon\www\gestion_de_calidad\vendor\laravel\framework\src\Illuminate\Database\Query\Builder.php(2651): Illuminate\Database\Query\Builder->aggregate('count', Array)
#8 F:\laragon\www\gestion_de_calidad\vendor\yajra\laravel-datatables-oracle\src\QueryDataTable.php(218): Illuminate\Database\Query\Builder->count()
#9 F:\laragon\www\gestion_de_calidad\vendor\yajra\laravel-datatables-oracle\src\QueryDataTable.php(188): Yajra\DataTables\QueryDataTable->count()
#10 F:\laragon\www\gestion_de_calidad\vendor\yajra\laravel-datatables-oracle\src\QueryDataTable.php(138): Yajra\DataTables\QueryDataTable->totalCount()
#11 F:\laragon\www\gestion_de_calidad\vendor\yajra\laravel-datatables-oracle\src\QueryDataTable.php(98): Yajra\DataTables\QueryDataTable->prepareQuery()
#12 F:\laragon\www\gestion_de_calidad\vendor\yajra\laravel-datatables-oracle\src\DataTableAbstract.php(660): Yajra\DataTables\QueryDataTable->make()
#13 F:\laragon\www\gestion_de_calidad\vendor\yajra\laravel-datatables-buttons\src\Services\DataTable.php(208): Yajra\DataTables\DataTableAbstract->toJson()
#14 F:\laragon\www\gestion_de_calidad\vendor\laravel\framework\src\Illuminate\Container\BoundMethod.php(36): Yajra\DataTables\Services\DataTable->ajax()
#15 F:\laragon\www\gestion_de_calidad\vendor\laravel\framework\src\Illuminate\Container\Util.php(40): Illuminate\Container\BoundMethod::Illuminate\Container\{closure}()
#16 F:\laragon\www\gestion_de_calidad\vendor\laravel\framework\src\Illuminate\Container\BoundMethod.php(93): Illuminate\Container\Util::unwrapIfClosure(Object(Closure))
#17 F:\laragon\www\gestion_de_calidad\vendor\laravel\framework\src\Illuminate\Container\BoundMethod.php(37): Illuminate\Container\BoundMethod::callBoundMethod(Object(Illuminate\Foundation\Application), Array, Object(Closure))
#18 F:\laragon\www\gestion_de_calidad\vendor\laravel\framework\src\Illuminate\Container\Container.php(610): Illuminate\Container\BoundMethod::call(Object(Illuminate\Foundation\Application), Array, Array, NULL)
#19 F:\laragon\www\gestion_de_calidad\vendor\yajra\laravel-datatables-buttons\src\Services\DataTable.php(158): Illuminate\Container\Container->call(Array)
#20 F:\laragon\www\gestion_de_calidad\app\Services\ChapterService\ChapterService.php(27): Yajra\DataTables\Services\DataTable->render('chapter.index')
#21 F:\laragon\www\gestion_de_calidad\app\Http\Controllers\ChapterController\ChapterController.php(30): App\Services\ChapterService\ChapterService->index(Object(App\DataTables\ChapterDataTable))
#22 F:\laragon\www\gestion_de_calidad\vendor\laravel\framework\src\Illuminate\Routing\Controller.php(54): App\Http\Controllers\ChapterController\ChapterController->index(Object(App\DataTables\ChapterDataTable))
#23 F:\laragon\www\gestion_de_calidad\vendor\laravel\framework\src\Illuminate\Routing\ControllerDispatcher.php(45): Illuminate\Routing\Controller->callAction('index', Array)
#24 F:\laragon\www\gestion_de_calidad\vendor\laravel\framework\src\Illuminate\Routing\Route.php(254): Illuminate\Routing\ControllerDispatcher->dispatch(Object(Illuminate\Routing\Route), Object(App\Http\Controllers\ChapterController\ChapterController), 'index')
#25 F:\laragon\www\gestion_de_calidad\vendor\laravel\framework\src\Illuminate\Routing\Route.php(197): Illuminate\Routing\Route->runController()
#26 F:\laragon\www\gestion_de_calidad\vendor\laravel\framework\src\Illuminate\Routing\Router.php(693): Illuminate\Routing\Route->run()
#27 F:\laragon\www\gestion_de_calidad\vendor\laravel\framework\src\Illuminate\Pipeline\Pipeline.php(128): Illuminate\Routing\Router->Illuminate\Routing\{closure}(Object(Illuminate\Http\Request))
#28 F:\laragon\www\gestion_de_calidad\app\Http\Middleware\MenuPermissions.php(56): Illuminate\Pipeline\Pipeline->Illuminate\Pipeline\{closure}(Object(Illuminate\Http\Request))
#29 F:\laragon\www\gestion_de_calidad\vendor\laravel\framework\src\Illuminate\Pipeline\Pipeline.php(167): App\Http\Middleware\MenuPermissions->handle(Object(Illuminate\Http\Request), Object(Closure))
#30 F:\laragon\www\gestion_de_calidad\vendor\laravel\framework\src\Illuminate\Routing\Middleware\SubstituteBindings.php(50): Illuminate\Pipeline\Pipeline->Illuminate\Pipeline\{closure}(Object(Illuminate\Http\Request))
#31 F:\laragon\www\gestion_de_calidad\vendor\laravel\framework\src\Illuminate\Pipeline\Pipeline.php(167): Illuminate\Routing\Middleware\SubstituteBindings->handle(Object(Illuminate\Http\Request), Object(Closure))
#32 F:\laragon\www\gestion_de_calidad\vendor\laravel\framework\src\Illuminate\Auth\Middleware\Authenticate.php(44): Illuminate\Pipeline\Pipeline->Illuminate\Pipeline\{closure}(Object(Illuminate\Http\Request))
#33 F:\laragon\www\gestion_de_calidad\vendor\laravel\framework\src\Illuminate\Pipeline\Pipeline.php(167): Illuminate\Auth\Middleware\Authenticate->handle(Object(Illuminate\Http\Request), Object(Closure))
#34 F:\laragon\www\gestion_de_calidad\vendor\laravel\framework\src\Illuminate\Foundation\Http\Middleware\VerifyCsrfToken.php(78): Illuminate\Pipeline\Pipeline->Illuminate\Pipeline\{closure}(Object(Illuminate\Http\Request))
#35 F:\laragon\www\gestion_de_calidad\vendor\laravel\framework\src\Illuminate\Pipeline\Pipeline.php(167): Illuminate\Foundation\Http\Middleware\VerifyCsrfToken->handle(Object(Illuminate\Http\Request), Object(Closure))
#36 F:\laragon\www\gestion_de_calidad\vendor\laravel\framework\src\Illuminate\View\Middleware\ShareErrorsFromSession.php(49): Illuminate\Pipeline\Pipeline->Illuminate\Pipeline\{closure}(Object(Illuminate\Http\Request))
#37 F:\laragon\www\gestion_de_calidad\vendor\laravel\framework\src\Illuminate\Pipeline\Pipeline.php(167): Illuminate\View\Middleware\ShareErrorsFromSession->handle(Object(Illuminate\Http\Request), Object(Closure))
#38 F:\laragon\www\gestion_de_calidad\app\Http\Middleware\LocaleMiddleware.php(26): Illuminate\Pipeline\Pipeline->Illuminate\Pipeline\{closure}(Object(Illuminate\Http\Request))
#39 F:\laragon\www\gestion_de_calidad\vendor\laravel\framework\src\Illuminate\Pipeline\Pipeline.php(167): App\Http\Middleware\LocaleMiddleware->handle(Object(Illuminate\Http\Request), Object(Closure))
#40 F:\laragon\www\gestion_de_calidad\vendor\laravel\framework\src\Illuminate\Session\Middleware\StartSession.php(121): Illuminate\Pipeline\Pipeline->Illuminate\Pipeline\{closure}(Object(Illuminate\Http\Request))
#41 F:\laragon\www\gestion_de_calidad\vendor\laravel\framework\src\Illuminate\Session\Middleware\StartSession.php(63): Illuminate\Session\Middleware\StartSession->handleStatefulRequest(Object(Illuminate\Http\Request), Object(Illuminate\Session\Store), Object(Closure))
#42 F:\laragon\www\gestion_de_calidad\vendor\laravel\framework\src\Illuminate\Pipeline\Pipeline.php(167): Illuminate\Session\Middleware\StartSession->handle(Object(Illuminate\Http\Request), Object(Closure))
#43 F:\laragon\www\gestion_de_calidad\vendor\laravel\framework\src\Illuminate\Cookie\Middleware\AddQueuedCookiesToResponse.php(37): Illuminate\Pipeline\Pipeline->Illuminate\Pipeline\{closure}(Object(Illuminate\Http\Request))
#44 F:\laragon\www\gestion_de_calidad\vendor\laravel\framework\src\Illuminate\Pipeline\Pipeline.php(167): Illuminate\Cookie\Middleware\AddQueuedCookiesToResponse->handle(Object(Illuminate\Http\Request), Object(Closure))
#45 F:\laragon\www\gestion_de_calidad\vendor\laravel\framework\src\Illuminate\Cookie\Middleware\EncryptCookies.php(67): Illuminate\Pipeline\Pipeline->Illuminate\Pipeline\{closure}(Object(Illuminate\Http\Request))
#46 F:\laragon\www\gestion_de_calidad\vendor\laravel\framework\src\Illuminate\Pipeline\Pipeline.php(167): Illuminate\Cookie\Middleware\EncryptCookies->handle(Object(Illuminate\Http\Request), Object(Closure))
#47 F:\laragon\www\gestion_de_calidad\vendor\fruitcake\laravel-cors\src\HandleCors.php(37): Illuminate\Pipeline\Pipeline->Illuminate\Pipeline\{closure}(Object(Illuminate\Http\Request))
#48 F:\laragon\www\gestion_de_calidad\vendor\laravel\framework\src\Illuminate\Pipeline\Pipeline.php(167): Fruitcake\Cors\HandleCors->handle(Object(Illuminate\Http\Request), Object(Closure))
#49 F:\laragon\www\gestion_de_calidad\vendor\laravel\framework\src\Illuminate\Pipeline\Pipeline.php(103): Illuminate\Pipeline\Pipeline->Illuminate\Pipeline\{closure}(Object(Illuminate\Http\Request))
#50 F:\laragon\www\gestion_de_calidad\vendor\laravel\framework\src\Illuminate\Routing\Router.php(695): Illuminate\Pipeline\Pipeline->then(Object(Closure))
#51 F:\laragon\www\gestion_de_calidad\vendor\laravel\framework\src\Illuminate\Routing\Router.php(670): Illuminate\Routing\Router->runRouteWithinStack(Object(Illuminate\Routing\Route), Object(Illuminate\Http\Request))
#52 F:\laragon\www\gestion_de_calidad\vendor\laravel\framework\src\Illuminate\Routing\Router.php(636): Illuminate\Routing\Router->runRoute(Object(Illuminate\Http\Request), Object(Illuminate\Routing\Route))
#53 F:\laragon\www\gestion_de_calidad\vendor\laravel\framework\src\Illuminate\Routing\Router.php(625): Illuminate\Routing\Router->dispatchToRoute(Object(Illuminate\Http\Request))
#54 F:\laragon\www\gestion_de_calidad\vendor\laravel\framework\src\Illuminate\Foundation\Http\Kernel.php(166): Illuminate\Routing\Router->dispatch(Object(Illuminate\Http\Request))
#55 F:\laragon\www\gestion_de_calidad\vendor\laravel\framework\src\Illuminate\Pipeline\Pipeline.php(128): Illuminate\Foundation\Http\Kernel->Illuminate\Foundation\Http\{closure}(Object(Illuminate\Http\Request))
#56 F:\laragon\www\gestion_de_calidad\vendor\fideloper\proxy\src\TrustProxies.php(57): Illuminate\Pipeline\Pipeline->Illuminate\Pipeline\{closure}(Object(Illuminate\Http\Request))
#57 F:\laragon\www\gestion_de_calidad\vendor\laravel\framework\src\Illuminate\Pipeline\Pipeline.php(167): Fideloper\Proxy\TrustProxies->handle(Object(Illuminate\Http\Request), Object(Closure))
#58 F:\laragon\www\gestion_de_calidad\vendor\laravel\framework\src\Illuminate\Foundation\Http\Middleware\TransformsRequest.php(21): Illuminate\Pipeline\Pipeline->Illuminate\Pipeline\{closure}(Object(Illuminate\Http\Request))
#59 F:\laragon\www\gestion_de_calidad\vendor\laravel\framework\src\Illuminate\Pipeline\Pipeline.php(167): Illuminate\Foundation\Http\Middleware\TransformsRequest->handle(Object(Illuminate\Http\Request), Object(Closure))
#60 F:\laragon\www\gestion_de_calidad\vendor\laravel\framework\src\Illuminate\Foundation\Http\Middleware\TransformsRequest.php(21): Illuminate\Pipeline\Pipeline->Illuminate\Pipeline\{closure}(Object(Illuminate\Http\Request))
#61 F:\laragon\www\gestion_de_calidad\vendor\laravel\framework\src\Illuminate\Pipeline\Pipeline.php(167): Illuminate\Foundation\Http\Middleware\TransformsRequest->handle(Object(Illuminate\Http\Request), Object(Closure))
#62 F:\laragon\www\gestion_de_calidad\vendor\laravel\framework\src\Illuminate\Foundation\Http\Middleware\ValidatePostSize.php(27): Illuminate\Pipeline\Pipeline->Illuminate\Pipeline\{closure}(Object(Illuminate\Http\Request))
#63 F:\laragon\www\gestion_de_calidad\vendor\laravel\framework\src\Illuminate\Pipeline\Pipeline.php(167): Illuminate\Foundation\Http\Middleware\ValidatePostSize->handle(Object(Illuminate\Http\Request), Object(Closure))
#64 F:\laragon\www\gestion_de_calidad\vendor\laravel\framework\src\Illuminate\Foundation\Http\Middleware\PreventRequestsDuringMaintenance.php(86): Illuminate\Pipeline\Pipeline->Illuminate\Pipeline\{closure}(Object(Illuminate\Http\Request))
#65 F:\laragon\www\gestion_de_calidad\vendor\laravel\framework\src\Illuminate\Pipeline\Pipeline.php(167): Illuminate\Foundation\Http\Middleware\PreventRequestsDuringMaintenance->handle(Object(Illuminate\Http\Request), Object(Closure))
#66 F:\laragon\www\gestion_de_calidad\vendor\laravel\framework\src\Illuminate\Pipeline\Pipeline.php(103): Illuminate\Pipeline\Pipeline->Illuminate\Pipeline\{closure}(Object(Illuminate\Http\Request))
#67 F:\laragon\www\gestion_de_calidad\vendor\laravel\framework\src\Illuminate\Foundation\Http\Kernel.php(141): Illuminate\Pipeline\Pipeline->then(Object(Closure))
#68 F:\laragon\www\gestion_de_calidad\vendor\laravel\framework\src\Illuminate\Foundation\Http\Kernel.php(110): Illuminate\Foundation\Http\Kernel->sendRequestThroughRouter(Object(Illuminate\Http\Request))
#69 F:\laragon\www\gestion_de_calidad\public\index.php(59): Illuminate\Foundation\Http\Kernel->handle(Object(Illuminate\Http\Request))
#70 {main}  
